<?xml version="1.0" encoding="UTF-8"?>
<testng-results skipped="0" failed="0" ignored="0" total="1" passed="1">
  <reporter-output>
  </reporter-output>
  <suite name="Default suite" duration-ms="5206" started-at="2018-07-07T05:54:33Z" finished-at="2018-07-07T05:54:39Z">
    <groups>
    </groups>
    <test name="Default test" duration-ms="5206" started-at="2018-07-07T05:54:33Z" finished-at="2018-07-07T05:54:39Z">
      <class name="com.FutureItVisionFramework.searchtest.HomePageSearchTest">
        <test-method status="PASS" signature="init()[pri:0, instance:com.FutureItVisionFramework.searchtest.HomePageSearchTest@402a079c]" name="init" is-config="true" duration-ms="4910" started-at="2018-07-07T05:54:33Z" finished-at="2018-07-07T05:54:38Z">
          <reporter-output>
          </reporter-output>
        </test-method> <!-- init -->
        <test-method status="PASS" signature="verifysearchButton()[pri:0, instance:com.FutureItVisionFramework.searchtest.HomePageSearchTest@402a079c]" name="verifysearchButton" duration-ms="161" started-at="2018-07-07T05:54:38Z" finished-at="2018-07-07T05:54:39Z">
          <reporter-output>
          </reporter-output>
        </test-method> <!-- verifysearchButton -->
        <test-method status="PASS" signature="endSession()[pri:0, instance:com.FutureItVisionFramework.searchtest.HomePageSearchTest@402a079c]" name="endSession" is-config="true" duration-ms="107" started-at="2018-07-07T05:54:39Z" finished-at="2018-07-07T05:54:39Z">
          <reporter-output>
          </reporter-output>
        </test-method> <!-- endSession -->
      </class> <!-- com.FutureItVisionFramework.searchtest.HomePageSearchTest -->
    </test> <!-- Default test -->
  </suite> <!-- Default suite -->
</testng-results>
